# Thu Jul  9 16:05:37 UTC 2026
# Thu Jul  9 18:57:09 UTC 2026
# Fri Jul 10 19:43:00 UTC 2026
# Fri Jul 10 19:45:49 UTC 2026
# Sat Jul 11 10:18:41 UTC 2026
# Sat Jul 11 16:06:34 UTC 2026
# Sat Jul 11 19:21:42 UTC 2026
# Sun Jul 12 10:40:27 UTC 2026
# Sun Jul 12 10:43:25 UTC 2026
# Sun Jul 12 10:46:22 UTC 2026
# Sun Jul 12 14:30:26 UTC 2026
# Sun Jul 12 14:31:41 UTC 2026
# Mon Jul 13 12:13:55 UTC 2026
# Mon Jul 13 15:44:23 UTC 2026
# Tue Jul 14 12:20:38 UTC 2026
# Tue Jul 14 15:02:49 UTC 2026
# Tue Jul 14 16:24:39 UTC 2026
# Tue Jul 14 18:08:12 UTC 2026
# Wed Jul 15 10:58:16 UTC 2026
# Wed Jul 15 12:19:48 UTC 2026
# Wed Jul 15 12:21:51 UTC 2026
# Wed Jul 15 16:39:43 UTC 2026
# Wed Jul 15 18:12:23 UTC 2026
# Thu Jul 16 11:04:17 UTC 2026
# Thu Jul 16 14:08:37 UTC 2026
# Fri Jul 17 10:51:43 UTC 2026
# Fri Jul 17 12:14:52 UTC 2026
# Fri Jul 17 12:17:02 UTC 2026
